<?xml version="1.0" encoding="UTF-8"?>
<!-- Generated by org.testng.reporters.JUnitReportReporter -->
<testsuite hostname="DESKTOP-ELH40OI" failures="0" tests="2" name="test.test123.NewTest" time="85.643" errors="0" timestamp="2023-05-11T13:49:18 IST" skipped="0">
  <testcase classname="test.test123.NewTest" name="f" time="43.829"/>
  <system-out/>
  <testcase classname="test.test123.NewTest" name="f2" time="41.814"/>
  <system-out/>
</testsuite> <!-- test.test123.NewTest -->
